# JRE version: OpenJDK Runtime Environment (21.0.6) (build 21.0.6+-13391695-b895.109)
# Java VM: OpenJDK 64-Bit Server VM (21.0.6+-13391695-b895.109, mixed mode, tiered, compressed oops, compressed class ptrs, g1 gc, windows-amd64)
GC Precious Log:
 CardTable entry size: 512
 Card Set container configuration: InlinePtr #cards 5 size 8 Array Of Cards #cards 12 size 40 Howl #buckets 4 coarsen threshold 1843 Howl Bitmap #cards 512 size 80 coarsen threshold 460 Card regions per heap region 1 cards per card region 2048
 CPUs: 8 total, 8 available
 Memory: 7103M
 Large Page Support: Disabled
 NUMA Support: Disabled
 Compressed Oops: Enabled (32-bit)
 Heap Region Size: 1M
 Heap Min Capacity: 8M
 Heap Initial Capacity: 112M
 Heap Max Capacity: 2G
 Pre-touch: Disabled
 Parallel Workers: 8
 Concurrent Workers: 2
 Concurrent Refinement Workers: 8
 Periodic GC: Disabled
Heap:
 garbage-first heap   total 456704K, used 213504K [0x0000000080000000, 0x0000000100000000)
  region size 1024K, 4 young (4096K), 4 survivors (4096K)
 Metaspace       used 130521K, committed 132800K, reserved 1179648K
  class space    used 17861K, committed 19008K, reserved 1048576K
GC Heap History (20 events):
Event: 55.656 GC heap after
{Heap after GC invocations=96 (full 0):
 garbage-first heap   total 450560K, used 173374K [0x0000000080000000, 0x0000000100000000)
  region size 1024K, 11 young (11264K), 11 survivors (11264K)
 Metaspace       used 130110K, committed 132416K, reserved 1179648K
  class space    used 17828K, committed 18944K, reserved 1048576K
}
Event: 56.998 GC heap before
{Heap before GC invocations=96 (full 0):
 garbage-first heap   total 450560K, used 416062K [0x0000000080000000, 0x0000000100000000)
  region size 1024K, 248 young (253952K), 11 survivors (11264K)
 Metaspace       used 130114K, committed 132416K, reserved 1179648K
  class space    used 17828K, committed 18944K, reserved 1048576K
}
Event: 57.017 GC heap after
{Heap after GC invocations=97 (full 0):
 garbage-first heap   total 450560K, used 174951K [0x0000000080000000, 0x0000000100000000)
  region size 1024K, 13 young (13312K), 13 survivors (13312K)
 Metaspace       used 130114K, committed 132416K, reserved 1179648K
  class space    used 17828K, committed 18944K, reserved 1048576K
}
Event: 59.282 GC heap before
{Heap before GC invocations=98 (full 0):
 garbage-first heap   total 450560K, used 413543K [0x0000000080000000, 0x0000000100000000)
  region size 1024K, 246 young (251904K), 13 survivors (13312K)
 Metaspace       used 130127K, committed 132416K, reserved 1179648K
  class space    used 17828K, committed 18944K, reserved 1048576K
}
Event: 59.294 GC heap after
{Heap after GC invocations=99 (full 0):
 garbage-first heap   total 450560K, used 173217K [0x0000000080000000, 0x0000000100000000)
  region size 1024K, 11 young (11264K), 11 survivors (11264K)
 Metaspace       used 130127K, committed 132416K, reserved 1179648K
  class space    used 17828K, committed 18944K, reserved 1048576K
}
Event: 60.694 GC heap before
{Heap before GC invocations=99 (full 0):
 garbage-first heap   total 450560K, used 415905K [0x0000000080000000, 0x0000000100000000)
  region size 1024K, 248 young (253952K), 11 survivors (11264K)
 Metaspace       used 130129K, committed 132416K, reserved 1179648K
  class space    used 17828K, committed 18944K, reserved 1048576K
}
Event: 60.715 GC heap after
{Heap after GC invocations=100 (full 0):
 garbage-first heap   total 450560K, used 166452K [0x0000000080000000, 0x0000000100000000)
  region size 1024K, 12 young (12288K), 12 survivors (12288K)
 Metaspace       used 130129K, committed 132416K, reserved 1179648K
  class space    used 17828K, committed 18944K, reserved 1048576K
}
Event: 61.990 GC heap before
{Heap before GC invocations=100 (full 0):
 garbage-first heap   total 450560K, used 349748K [0x0000000080000000, 0x0000000100000000)
  region size 1024K, 192 young (196608K), 12 survivors (12288K)
 Metaspace       used 130176K, committed 132416K, reserved 1179648K
  class space    used 17831K, committed 18944K, reserved 1048576K
}
Event: 62.010 GC heap after
{Heap after GC invocations=101 (full 0):
 garbage-first heap   total 450560K, used 170519K [0x0000000080000000, 0x0000000100000000)
  region size 1024K, 16 young (16384K), 16 survivors (16384K)
 Metaspace       used 130176K, committed 132416K, reserved 1179648K
  class space    used 17831K, committed 18944K, reserved 1048576K
}
Event: 63.256 GC heap before
{Heap before GC invocations=102 (full 0):
 garbage-first heap   total 450560K, used 412183K [0x0000000080000000, 0x0000000100000000)
  region size 1024K, 251 young (257024K), 16 survivors (16384K)
 Metaspace       used 130265K, committed 132544K, reserved 1179648K
  class space    used 17832K, committed 18944K, reserved 1048576K
}
Event: 63.286 GC heap after
{Heap after GC invocations=103 (full 0):
 garbage-first heap   total 450560K, used 180791K [0x0000000080000000, 0x0000000100000000)
  region size 1024K, 26 young (26624K), 26 survivors (26624K)
 Metaspace       used 130265K, committed 132544K, reserved 1179648K
  class space    used 17832K, committed 18944K, reserved 1048576K
}
Event: 63.924 GC heap before
{Heap before GC invocations=103 (full 0):
 garbage-first heap   total 450560K, used 399927K [0x0000000080000000, 0x0000000100000000)
  region size 1024K, 241 young (246784K), 26 survivors (26624K)
 Metaspace       used 130291K, committed 132544K, reserved 1179648K
  class space    used 17833K, committed 18944K, reserved 1048576K
}
Event: 63.950 GC heap after
{Heap after GC invocations=104 (full 0):
 garbage-first heap   total 450560K, used 174478K [0x0000000080000000, 0x0000000100000000)
  region size 1024K, 5 young (5120K), 5 survivors (5120K)
 Metaspace       used 130291K, committed 132544K, reserved 1179648K
  class space    used 17833K, committed 18944K, reserved 1048576K
}
Event: 64.891 GC heap before
{Heap before GC invocations=104 (full 0):
 garbage-first heap   total 450560K, used 408974K [0x0000000080000000, 0x0000000100000000)
  region size 1024K, 236 young (241664K), 5 survivors (5120K)
 Metaspace       used 130456K, committed 132800K, reserved 1179648K
  class space    used 17851K, committed 19008K, reserved 1048576K
}
Event: 64.907 GC heap after
{Heap after GC invocations=105 (full 0):
 garbage-first heap   total 450560K, used 181600K [0x0000000080000000, 0x0000000100000000)
  region size 1024K, 12 young (12288K), 12 survivors (12288K)
 Metaspace       used 130456K, committed 132800K, reserved 1179648K
  class space    used 17851K, committed 19008K, reserved 1048576K
}
Event: 65.821 GC heap before
{Heap before GC invocations=106 (full 0):
 garbage-first heap   total 450560K, used 406880K [0x0000000080000000, 0x0000000100000000)
  region size 1024K, 240 young (245760K), 12 survivors (12288K)
 Metaspace       used 130502K, committed 132800K, reserved 1179648K
  class space    used 17858K, committed 19008K, reserved 1048576K
}
Event: 65.891 GC heap after
{Heap after GC invocations=107 (full 0):
 garbage-first heap   total 450560K, used 203227K [0x0000000080000000, 0x0000000100000000)
  region size 1024K, 30 young (30720K), 30 survivors (30720K)
 Metaspace       used 130502K, committed 132800K, reserved 1179648K
  class space    used 17858K, committed 19008K, reserved 1048576K
}
Event: 66.413 GC heap before
{Heap before GC invocations=107 (full 0):
 garbage-first heap   total 450560K, used 398811K [0x0000000080000000, 0x0000000100000000)
  region size 1024K, 219 young (224256K), 30 survivors (30720K)
 Metaspace       used 130517K, committed 132800K, reserved 1179648K
  class space    used 17861K, committed 19008K, reserved 1048576K
}
Event: 66.471 GC heap after
{Heap after GC invocations=108 (full 0):
 garbage-first heap   total 456704K, used 209998K [0x0000000080000000, 0x0000000100000000)
  region size 1024K, 25 young (25600K), 25 survivors (25600K)
 Metaspace       used 130517K, committed 132800K, reserved 1179648K
  class space    used 17861K, committed 19008K, reserved 1048576K
}
Event: 67.038 GC heap before
{Heap before GC invocations=108 (full 0):
 garbage-first heap   total 456704K, used 403534K [0x0000000080000000, 0x0000000100000000)
  region size 1024K, 214 young (219136K), 25 survivors (25600K)
 Metaspace       used 130521K, committed 132800K, reserved 1179648K
  class space    used 17861K, committed 19008K, reserved 1048576K
}

